eventCounter	0.json: 4
eventCounter	10_2015_01_2016_01.json: 48960
eventCounter	1.json: 30
eventCounter	2.json: 43727
eventCounter	4_2015_01_2017_01.json: 85778
eventCounter	5_2015_01_2017_01.json: 104712
eventCounter	6_2015_01_2017_01.json: 240663
eventCounter	7_2015_01_2017_01.json: 432642
eventCounter	8_2015_01_2016_01.json: 62479
eventCounter	9_2015_01_2016_01.json: 15933
numberOfRegisteredPlayers	0.json: 1
numberOfRegisteredPlayers	10_2015_01_2016_01.json: 254
numberOfRegisteredPlayers	1.json: 2
numberOfRegisteredPlayers	2.json: 218
numberOfRegisteredPlayers	4_2015_01_2017_01.json: 176
numberOfRegisteredPlayers	5_2015_01_2017_01.json: 158
numberOfRegisteredPlayers	6_2015_01_2017_01.json: 262
numberOfRegisteredPlayers	7_2015_01_2017_01.json: 948
numberOfRegisteredPlayers	8_2015_01_2016_01.json: 242
numberOfRegisteredPlayers	9_2015_01_2016_01.json: 206
numberOfRegisteredPlayersByMonth	0.json: {"2016-09":1}
numberOfRegisteredPlayersByMonth	10_2015_01_2016_01.json: {"2015-03":26,"2015-04":24,"2015-05":12,"2015-06":25,"2015-07":18,"2015-08":20,"2015-09":30,"2015-10":22,"2015-11":25,"2015-12":52}
numberOfRegisteredPlayersByMonth	1.json: {"2016-05":2}
numberOfRegisteredPlayersByMonth	2.json: {"2016-04":2,"2016-05":1,"2016-06":8,"2016-07":16,"2016-08":27,"2016-09":64,"2016-10":52,"2016-11":28,"2016-12":16,"2017-01":3,"2017-03":1}
numberOfRegisteredPlayersByMonth	4_2015_01_2017_01.json: {"2015-01":7,"2015-02":5,"2015-03":4,"2015-04":9,"2015-05":4,"2015-06":7,"2015-07":2,"2015-08":10,"2015-09":10,"2015-10":2,"2015-11":12,"2015-12":12,"2016-01":12,"2016-02":13,"2016-03":15,"2016-04":8,"2016-05":17,"2016-06":6,"2016-07":3,"2016-08":3,"2016-09":7,"2016-10":3,"2016-12":5}
numberOfRegisteredPlayersByMonth	5_2015_01_2017_01.json: {"2015-01":5,"2015-02":5,"2015-03":5,"2015-04":6,"2015-05":6,"2015-06":4,"2015-07":5,"2015-08":6,"2015-09":3,"2015-10":5,"2015-11":8,"2015-12":12,"2016-01":8,"2016-02":8,"2016-03":10,"2016-04":11,"2016-05":12,"2016-06":9,"2016-07":6,"2016-08":5,"2016-09":6,"2016-10":5,"2016-11":8}
numberOfRegisteredPlayersByMonth	6_2015_01_2017_01.json: {"2015-01":8,"2015-02":9,"2015-03":14,"2015-04":16,"2015-05":15,"2015-06":8,"2015-07":15,"2015-08":9,"2015-09":12,"2015-10":9,"2015-11":12,"2015-12":10,"2016-01":7,"2016-02":12,"2016-03":12,"2016-04":9,"2016-05":9,"2016-06":5,"2016-07":12,"2016-08":13,"2016-09":14,"2016-10":11,"2016-11":7,"2016-12":14}
numberOfRegisteredPlayersByMonth	7_2015_01_2017_01.json: {"2015-03":18,"2015-04":19,"2015-05":8,"2015-06":30,"2015-07":26,"2015-08":13,"2015-09":20,"2015-10":14,"2015-11":49,"2015-12":57,"2016-01":49,"2016-02":34,"2016-03":42,"2016-04":105,"2016-05":67,"2016-06":104,"2016-07":54,"2016-08":58,"2016-09":49,"2016-10":49,"2016-11":62,"2016-12":21}
numberOfRegisteredPlayersByMonth	8_2015_01_2016_01.json: {"2015-03":24,"2015-04":17,"2015-05":8,"2015-06":19,"2015-07":21,"2015-08":21,"2015-09":19,"2015-10":20,"2015-11":37,"2015-12":56}
numberOfRegisteredPlayersByMonth	9_2015_01_2016_01.json: {"2015-03":24,"2015-04":20,"2015-05":10,"2015-06":18,"2015-07":25,"2015-08":21,"2015-09":6,"2015-10":15,"2015-11":18,"2015-12":49}
popularQizzes	0.json: []
popularQizzes	10_2015_01_2016_01.json: [{"quiz_id":"700","quiz_title":"E5841","times_played":44},{"quiz_id":"821","quiz_title":"4558D","times_played":30}]
popularQizzes	1.json: []
popularQizzes	2.json: [{"quiz_id":"63cd41a8-9c65-4bec-b7bb-261dc76466eb","quiz_title":"Gotta catch em all","times_played":14},{"quiz_id":"a74a6ce4-99e5-413f-a963-b9b701ada30d","quiz_title":"Gotta catch em all","times_played":13}]
popularQizzes	4_2015_01_2017_01.json: [{"quiz_id":"470","quiz_title":"26337","times_played":82},{"quiz_id":"605","quiz_title":"C361B","times_played":49}]
popularQizzes	5_2015_01_2017_01.json: [{"quiz_id":"362","quiz_title":"C3E87","times_played":117},{"quiz_id":"697","quiz_title":"8A0E1","times_played":54}]
popularQizzes	6_2015_01_2017_01.json: [{"quiz_id":"825","quiz_title":"D554F","times_played":35},{"quiz_id":"616","quiz_title":"7750C","times_played":34}]
popularQizzes	7_2015_01_2017_01.json: [{"quiz_id":"2125","quiz_title":"A0128","times_played":102},{"quiz_id":"2089","quiz_title":"BF424","times_played":101}]
popularQizzes	8_2015_01_2016_01.json: [{"quiz_id":"485","quiz_title":"218A0","times_played":80},{"quiz_id":"626","quiz_title":"45645","times_played":54}]
popularQizzes	9_2015_01_2016_01.json: [{"quiz_id":"449","quiz_title":"D61E4","times_played":27},{"quiz_id":"431","quiz_title":"66368","times_played":24}]
hardestQuestion	0.json: undefined
hardestQuestion	10_2015_01_2016_01.json: {"quiz_id":"565","question_id":"566","question":"DB85E","answer":"79CC9","timesAsked":19,"timesCorrect":8}
hardestQuestion	1.json: undefined
hardestQuestion	2.json: {"question_id":"07759c6b-1727-42b4-ad97-f0912da4296a","quiz_id":"f982a8b5-d069-4caf-bb35-4c10361b9210","question":"What color is the banner of the house of Stark?","answer":"purple","difficulty":138.31256432673186,"timesAsked":25,"timesCorrect":0}
hardestQuestion	4_2015_01_2017_01.json: {"quiz_id":"569","question_id":"574","question":"F0E52","answer":"1E3B3","timesAsked":87,"timesCorrect":36}
hardestQuestion	5_2015_01_2017_01.json: {"quiz_id":"679","question_id":"682","question":"08D98","answer":"09690","timesAsked":71,"timesCorrect":25}
hardestQuestion	6_2015_01_2017_01.json: {"quiz_id":"784","question_id":"785","question":"4B04A","answer":"E364A","timesAsked":84,"timesCorrect":45}
hardestQuestion	7_2015_01_2017_01.json: {"quiz_id":"3490","question_id":"3495","question":"8485A","answer":"56989","timesAsked":44,"timesCorrect":24}
hardestQuestion	8_2015_01_2016_01.json: {"quiz_id":"682","question_id":"685","question":"3328B","answer":"72FB5","timesAsked":69,"timesCorrect":40}
hardestQuestion	9_2015_01_2016_01.json: {"quiz_id":"420","question_id":"421","question":"E0C64","answer":"4A7EE","timesAsked":65,"timesCorrect":35}
easiestQuestion	0.json: undefined
easiestQuestion	10_2015_01_2016_01.json: {"quiz_id":"516","question_id":"521","question":"07563","answer":"C36AA","timesAsked":8,"timesCorrect":8}
easiestQuestion	1.json: undefined
easiestQuestion	2.json: {"question_id":"585464e9-aedb-4de0-a764-d0f3b2088f1a","quiz_id":"bf51a682-0bdf-4ec6-bb98-4d7c8321493e","question":"What color is the banner of the house of Lannister?","answer":"violet","difficulty":106.0423340213786,"timesAsked":5,"timesCorrect":5}
easiestQuestion	4_2015_01_2017_01.json: {"quiz_id":"522","question_id":"529","question":"37F0E","answer":"E11F3","timesAsked":34,"timesCorrect":20}
easiestQuestion	5_2015_01_2017_01.json: {"quiz_id":"377","question_id":"382","question":"4F6FF","answer":"8005D","timesAsked":11,"timesCorrect":9}
easiestQuestion	6_2015_01_2017_01.json: {"quiz_id":"643","question_id":"644","question":"8C7BB","answer":"B5620","timesAsked":206,"timesCorrect":149}
easiestQuestion	7_2015_01_2017_01.json: {"quiz_id":"3147","question_id":"3148","question":"D87C6","answer":"FB4C1","timesAsked":25,"timesCorrect":23}
easiestQuestion	8_2015_01_2016_01.json: {"quiz_id":"550","question_id":"551","question":"7F24D","answer":"C8E75","timesAsked":42,"timesCorrect":34}
easiestQuestion	9_2015_01_2016_01.json: {"quiz_id":"467","question_id":"468","question":"877A9","answer":"3A5A8","timesAsked":47,"timesCorrect":36}
